<?xml version="1.0" encoding="UTF-8"?>
<!-- Generated by org.testng.reporters.JUnitReportReporter -->
<testsuite skipped="0" hostname="LAPTOP-7SBGRNK3" name="com.realtimeProject.testcases.TC_LoginTest_001" tests="2" failures="0" timestamp="30 Mar 2020 19:40:20 GMT" time="25.680" errors="0">
  <testcase name="loginTest" time="13.853" classname="com.realtimeProject.testcases.TC_LoginTest_001"/>
  <testcase name="loginTest" time="11.827" classname="com.realtimeProject.testcases.TC_LoginTest_001"/>
</testsuite> <!-- com.realtimeProject.testcases.TC_LoginTest_001 -->
