<?xml version="1.0" encoding="UTF-8"?>
<!-- Generated by org.testng.reporters.JUnitReportReporter -->
<testsuite skipped="0" hostname="LAPTOP-7SBGRNK3" name="com.realtimeProject.testcases.TC_LoginTest_001" tests="2" failures="0" timestamp="26 Mar 2020 04:10:46 GMT" time="23.060" errors="0">
  <testcase name="loginTest" time="11.777" classname="com.realtimeProject.testcases.TC_LoginTest_001"/>
  <testcase name="loginTest" time="11.283" classname="com.realtimeProject.testcases.TC_LoginTest_001"/>
</testsuite> <!-- com.realtimeProject.testcases.TC_LoginTest_001 -->
