<?xml version="1.0" encoding="UTF-8"?>
<!-- Generated by org.testng.reporters.JUnitReportReporter -->
<testsuite skipped="0" hostname="LAPTOP-7SBGRNK3" name="com.realtimeProject.testcases.TC_AddCustomerTest_003" tests="1" failures="0" timestamp="30 Mar 2020 19:40:20 GMT" time="12.852" errors="0">
  <testcase name="addNewCustomer" time="12.852" classname="com.realtimeProject.testcases.TC_AddCustomerTest_003"/>
</testsuite> <!-- com.realtimeProject.testcases.TC_AddCustomerTest_003 -->
